$00: 0x00000000
$01: 0x00000000
$02: 0x00000000
$03: 0x00000000
$04: 0x00000000
$05: 0x00000000
$06: 0x00000000
$07: 0x00000000
$08: 0x00000000
$09: 0x00000000
$10: 0x00000000
$11: 0x00000000
$12: 0x00000000
$13: 0x00000000
$14: 0x00000000
$15: 0x00000000
$16: 0x00000000
$17: 0x00000000
$18: 0x00000000
$19: 0x00000000
$20: 0x00000000
$21: 0x00000000
$22: 0x00000000
$23: 0x00000000
$24: 0x00000000
$25: 0x00000000
$26: 0x00000000
$27: 0x00000000
$28: 0x00000000
$29: 0x00000000
$30: 0x00000000
$31: 0x00000000
$HI: 0x00000000
$LO: 0x00000000
$PC: 0x00000000
$PC: 0x00000004
$PC: 0x00000008
$PC: 0x0000000C
$PC: 0x00000010
$PC: 0x00000014
$PC: 0x00000018
$PC: 0x0000001C
$PC: 0x00000020
$PC: 0x00000024
$PC: 0x00000028
$PC: 0x0000002C
$PC: 0x00000030
$PC: 0x00000034
$PC: 0x00000038
$PC: 0x0000003C
$PC: 0x00000040
$PC: 0x00000044
$PC: 0x00000048
$PC: 0x0000004C
$PC: 0x00000050
$PC: 0x00000054
$PC: 0x00000058
$PC: 0x0000005C
$PC: 0x00000060
$PC: 0x00000064
$PC: 0x00000068
$PC: 0x0000006C
$PC: 0x00000070
$PC: 0x00000074
$PC: 0x00000078
$PC: 0x0000007C
$PC: 0x00000080
$PC: 0x00000084
$PC: 0x00000088
$PC: 0x0000008C
$PC: 0x00000090
$PC: 0x00000094
$PC: 0x00000098
$PC: 0x0000009C
$PC: 0x000000A0
$PC: 0x000000A4
$PC: 0x000000A8
$PC: 0x000000AC
$PC: 0x000000B0
$PC: 0x000000B4
$PC: 0x000000B8
$PC: 0x000000BC
$PC: 0x000000C0
$PC: 0x000000C4
$PC: 0x000000C8
$PC: 0x000000CC
$PC: 0x000000D0
$PC: 0x000000D4
$PC: 0x000000D8
$PC: 0x000000DC
$PC: 0x000000E0
$PC: 0x000000E4
$PC: 0x000000E8
$PC: 0x000000EC
$PC: 0x000000F0
$PC: 0x000000F4
$PC: 0x000000F8
$PC: 0x000000FC
$PC: 0x00000100
$PC: 0x00000104
$PC: 0x00000108
$PC: 0x0000010C
$PC: 0x00000110
$PC: 0x00000114
$PC: 0x00000118
$PC: 0x0000011C
$PC: 0x00000120
$PC: 0x00000124
$PC: 0x00000128
$PC: 0x0000012C
$PC: 0x00000130
$PC: 0x00000134
$PC: 0x00000138
$PC: 0x0000013C
$PC: 0x00000140
$PC: 0x00000144
$PC: 0x00000148
$PC: 0x0000014C
$PC: 0x00000150
$PC: 0x00000154
$PC: 0x00000158
$PC: 0x0000015C
$PC: 0x00000160
$PC: 0x00000164
$PC: 0x00000168
$PC: 0x0000016C
$PC: 0x00000170
$PC: 0x00000174
$PC: 0x00000178
$PC: 0x0000017C
$PC: 0x00000180
$PC: 0x00000184
$PC: 0x00000188
$PC: 0x0000018C
$PC: 0x00000190
$PC: 0x00000194
$PC: 0x00000198
$PC: 0x0000019C
$PC: 0x000001A0
$PC: 0x000001A4
$PC: 0x000001A8
$PC: 0x000001AC
$PC: 0x000001B0
$PC: 0x000001B4
$PC: 0x000001B8
$PC: 0x000001BC
$PC: 0x000001C0
$PC: 0x000001C4
$PC: 0x000001C8
$PC: 0x000001CC
$PC: 0x000001D0
$PC: 0x000001D4
$PC: 0x000001D8
$PC: 0x000001DC
$PC: 0x000001E0
$PC: 0x000001E4
$PC: 0x000001E8
$PC: 0x000001EC
$PC: 0x000001F0
$PC: 0x000001F4
$PC: 0x000001F8
$PC: 0x000001FC
$PC: 0x00000200
$PC: 0x00000204
$PC: 0x00000208
$PC: 0x0000020C
$PC: 0x00000210
$PC: 0x00000214
$PC: 0x00000218
$PC: 0x0000021C
$PC: 0x00000220
$PC: 0x00000224
$PC: 0x00000228
$PC: 0x0000022C
$PC: 0x00000230
$PC: 0x00000234
$PC: 0x00000238
$PC: 0x0000023C
$PC: 0x00000240
$PC: 0x00000244
$PC: 0x00000248
$PC: 0x0000024C
$PC: 0x00000250
$PC: 0x00000254
$PC: 0x00000258
$PC: 0x0000025C
$PC: 0x00000260
$PC: 0x00000264
$PC: 0x00000268
$PC: 0x0000026C
$PC: 0x00000270
$PC: 0x00000274
$PC: 0x00000278
$PC: 0x0000027C
$PC: 0x00000280
$PC: 0x00000284
$PC: 0x00000288
$PC: 0x0000028C
$PC: 0x00000290
$PC: 0x00000294
$PC: 0x00000298
$PC: 0x0000029C
$PC: 0x000002A0
$PC: 0x000002A4
$PC: 0x000002A8
$PC: 0x000002AC
$PC: 0x000002B0
$PC: 0x000002B4
$PC: 0x000002B8
$PC: 0x000002BC
$PC: 0x000002C0
$PC: 0x000002C4
$PC: 0x000002C8
$PC: 0x000002CC
$PC: 0x000002D0
$PC: 0x000002D4
$PC: 0x000002D8
$PC: 0x000002DC
$PC: 0x000002E0
$PC: 0x000002E4
$PC: 0x000002E8
$PC: 0x000002EC
$PC: 0x000002F0
$PC: 0x000002F4
$PC: 0x000002F8
$PC: 0x000002FC
$PC: 0x00000300
$PC: 0x00000304
$PC: 0x00000308
$PC: 0x0000030C
$PC: 0x00000310
$PC: 0x00000314
$PC: 0x00000318
$PC: 0x0000031C
$PC: 0x00000320
$PC: 0x00000324
$PC: 0x00000328
$PC: 0x0000032C
$PC: 0x00000330
$PC: 0x00000334
$PC: 0x00000338
$PC: 0x0000033C
$PC: 0x00000340
$PC: 0x00000344
$PC: 0x00000348
$PC: 0x0000034C
$PC: 0x00000350
$PC: 0x00000354
$PC: 0x00000358
$PC: 0x0000035C
$PC: 0x00000360
$PC: 0x00000364
$PC: 0x00000368
$PC: 0x0000036C
$PC: 0x00000370
$PC: 0x00000374
$PC: 0x00000378
$PC: 0x0000037C
$PC: 0x00000380
$PC: 0x00000384
$PC: 0x00000388
$PC: 0x0000038C
$PC: 0x00000390
$PC: 0x00000394
$PC: 0x00000398
$PC: 0x0000039C
$PC: 0x000003A0
$PC: 0x000003A4
$PC: 0x000003A8
$PC: 0x000003AC
$PC: 0x000003B0
$PC: 0x000003B4
$PC: 0x000003B8
$PC: 0x000003BC
$PC: 0x000003C0
$PC: 0x000003C4
$PC: 0x000003C8
$PC: 0x000003CC
$PC: 0x000003D0
$PC: 0x000003D4
$PC: 0x000003D8
$PC: 0x000003DC
$PC: 0x000003E0
$PC: 0x000003E4
$PC: 0x000003E8
$PC: 0x000003EC
$PC: 0x000003F0
$PC: 0x000003F4
$PC: 0x000003F8
$PC: 0x000003FC
$PC: 0x00000400
$PC: 0x00000404
$PC: 0x00000408
$PC: 0x0000040C
$PC: 0x00000410
$PC: 0x00000414
$PC: 0x00000418
$PC: 0x0000041C
$PC: 0x00000420
$PC: 0x00000424
$PC: 0x00000428
$PC: 0x0000042C
$PC: 0x00000430
$PC: 0x00000434
$PC: 0x00000438
$PC: 0x0000043C
$PC: 0x00000440
$PC: 0x00000444
$PC: 0x00000448
$PC: 0x0000044C
$PC: 0x00000450
$PC: 0x00000454
$PC: 0x00000458
$PC: 0x0000045C
$PC: 0x00000460
$PC: 0x00000464
$PC: 0x00000468
$PC: 0x0000046C
$PC: 0x00000470
$PC: 0x00000474
$PC: 0x00000478
$PC: 0x0000047C
$PC: 0x00000480
$PC: 0x00000484
$PC: 0x00000488
$PC: 0x0000048C
$PC: 0x00000490
$PC: 0x00000494
$PC: 0x00000498
$PC: 0x0000049C
$PC: 0x000004A0
$PC: 0x000004A4
$PC: 0x000004A8
$PC: 0x000004AC
$PC: 0x000004B0
$PC: 0x000004B4
$PC: 0x000004B8
$PC: 0x000004BC
$PC: 0x000004C0
$PC: 0x000004C4
$PC: 0x000004C8
$PC: 0x000004CC
$PC: 0x000004D0
$PC: 0x000004D4
$PC: 0x000004D8
$PC: 0x000004DC
$PC: 0x000004E0
$PC: 0x000004E4
$PC: 0x000004E8
$PC: 0x000004EC
$PC: 0x000004F0
$PC: 0x000004F4
$PC: 0x000004F8
$PC: 0x000004FC
$PC: 0x00000500
$PC: 0x00000504
$PC: 0x00000508
$PC: 0x0000050C
$PC: 0x00000510
$PC: 0x00000514
$PC: 0x00000518
$PC: 0x0000051C
$PC: 0x00000520
$PC: 0x00000524
$PC: 0x00000528
$PC: 0x0000052C
$PC: 0x00000530
$PC: 0x00000534
$PC: 0x00000538
$PC: 0x0000053C
$PC: 0x00000540
$PC: 0x00000544
$PC: 0x00000548
$PC: 0x0000054C
$PC: 0x00000550
$PC: 0x00000554
$PC: 0x00000558
$PC: 0x0000055C
$PC: 0x00000560
$PC: 0x00000564
$PC: 0x00000568
$PC: 0x0000056C
$PC: 0x00000570
$PC: 0x00000574
$PC: 0x00000578
$PC: 0x0000057C
$PC: 0x00000580
$PC: 0x00000584
$PC: 0x00000588
$PC: 0x0000058C
$PC: 0x00000590
$PC: 0x00000594
$PC: 0x00000598
$PC: 0x0000059C
$PC: 0x000005A0
$PC: 0x000005A4
$PC: 0x000005A8
$PC: 0x000005AC
$PC: 0x000005B0
$PC: 0x000005B4
$PC: 0x000005B8
$PC: 0x000005BC
$PC: 0x000005C0
$PC: 0x000005C4
$PC: 0x000005C8
$PC: 0x000005CC
$PC: 0x000005D0
$PC: 0x000005D4
$PC: 0x000005D8
$PC: 0x000005DC
$PC: 0x000005E0
$PC: 0x000005E4
$PC: 0x000005E8
$PC: 0x000005EC
$PC: 0x000005F0
$PC: 0x000005F4
$PC: 0x000005F8
$PC: 0x000005FC
$PC: 0x00000600
$PC: 0x00000604
$PC: 0x00000608
$PC: 0x0000060C
$PC: 0x00000610
$PC: 0x00000614
$PC: 0x00000618
$PC: 0x0000061C
$PC: 0x00000620
$PC: 0x00000624
$PC: 0x00000628
$PC: 0x0000062C
$PC: 0x00000630
$PC: 0x00000634
$PC: 0x00000638
$PC: 0x0000063C
$PC: 0x00000640
$PC: 0x00000644
$PC: 0x00000648
$PC: 0x0000064C
$PC: 0x00000650
$PC: 0x00000654
$PC: 0x00000658
$PC: 0x0000065C
$PC: 0x00000660
$PC: 0x00000664
$PC: 0x00000668
$PC: 0x0000066C
$PC: 0x00000670
$PC: 0x00000674
$PC: 0x00000678
$PC: 0x0000067C
$PC: 0x00000680
$PC: 0x00000684
$PC: 0x00000688
$PC: 0x0000068C
$PC: 0x00000690
$PC: 0x00000694
$PC: 0x00000698
$PC: 0x0000069C
$PC: 0x000006A0
$PC: 0x000006A4
$PC: 0x000006A8
$PC: 0x000006AC
$PC: 0x000006B0
$PC: 0x000006B4
$PC: 0x000006B8
$PC: 0x000006BC
$PC: 0x000006C0
$PC: 0x000006C4
$PC: 0x000006C8
$PC: 0x000006CC
$PC: 0x000006D0
$PC: 0x000006D4
$PC: 0x000006D8
$PC: 0x000006DC
$PC: 0x000006E0
$PC: 0x000006E4
$PC: 0x000006E8
$PC: 0x000006EC
$PC: 0x000006F0
$PC: 0x000006F4
$PC: 0x000006F8
$PC: 0x000006FC
$PC: 0x00000700
$PC: 0x00000704
$PC: 0x00000708
$PC: 0x0000070C
$PC: 0x00000710
$PC: 0x00000714
$PC: 0x00000718
$PC: 0x0000071C
$PC: 0x00000720
$PC: 0x00000724
$PC: 0x00000728
$PC: 0x0000072C
$PC: 0x00000730
$PC: 0x00000734
$PC: 0x00000738
$PC: 0x0000073C
$PC: 0x00000740
$PC: 0x00000744
$PC: 0x00000748
$PC: 0x0000074C
$PC: 0x00000750
$PC: 0x00000754
$PC: 0x00000758
$PC: 0x0000075C
$PC: 0x00000760
$PC: 0x00000764
$PC: 0x00000768
$PC: 0x0000076C
$PC: 0x00000770
$PC: 0x00000774
$PC: 0x00000778
$PC: 0x0000077C
$PC: 0x00000780
$PC: 0x00000784
$PC: 0x00000788
$PC: 0x0000078C
$PC: 0x00000790
$PC: 0x00000794
$PC: 0x00000798
$PC: 0x0000079C
$PC: 0x000007A0
$PC: 0x000007A4
$PC: 0x000007A8
$PC: 0x000007AC
$PC: 0x000007B0
$PC: 0x000007B4
$PC: 0x000007B8
$PC: 0x000007BC
$PC: 0x000007C0
$PC: 0x000007C4
$PC: 0x000007C8
$PC: 0x000007CC
$PC: 0x000007D0
$PC: 0x000007D4
$PC: 0x000007D8
$PC: 0x000007DC
$PC: 0x000007E0
$PC: 0x000007E4
$PC: 0x000007E8
$PC: 0x000007EC
$PC: 0x000007F0
$PC: 0x000007F4
$PC: 0x000007F8
$PC: 0x000007FC
$PC: 0x00000800
$PC: 0x00000804
$PC: 0x00000808
$PC: 0x0000080C
$PC: 0x00000810
$PC: 0x00000814
$PC: 0x00000818
$PC: 0x0000081C
$PC: 0x00000820
$PC: 0x00000824
$PC: 0x00000828
$PC: 0x0000082C
$PC: 0x00000830
$PC: 0x00000834
$PC: 0x00000838
$PC: 0x0000083C
$PC: 0x00000840
$PC: 0x00000844
$PC: 0x00000848
$PC: 0x0000084C
$PC: 0x00000850
$PC: 0x00000854
$PC: 0x00000858
$PC: 0x0000085C
$PC: 0x00000860
$PC: 0x00000864
$PC: 0x00000868
$PC: 0x0000086C
$PC: 0x00000870
$PC: 0x00000874
$PC: 0x00000878
$PC: 0x0000087C
$PC: 0x00000880
$PC: 0x00000884
$PC: 0x00000888
$PC: 0x0000088C
$PC: 0x00000890
$PC: 0x00000894
$PC: 0x00000898
$PC: 0x0000089C
$PC: 0x000008A0
$PC: 0x000008A4
$PC: 0x000008A8
$PC: 0x000008AC
$PC: 0x000008B0
$PC: 0x000008B4
$PC: 0x000008B8
$PC: 0x000008BC
$PC: 0x000008C0
$PC: 0x000008C4
$PC: 0x000008C8
$PC: 0x000008CC
$PC: 0x000008D0
$PC: 0x000008D4
$PC: 0x000008D8
$PC: 0x000008DC
$PC: 0x000008E0
$PC: 0x000008E4
$PC: 0x000008E8
$PC: 0x000008EC
$PC: 0x000008F0
$PC: 0x000008F4
$PC: 0x000008F8
$PC: 0x000008FC
$PC: 0x00000900
$PC: 0x00000904
$PC: 0x00000908
$PC: 0x0000090C
$PC: 0x00000910
$PC: 0x00000914
$PC: 0x00000918
$PC: 0x0000091C
$PC: 0x00000920
$PC: 0x00000924
$PC: 0x00000928
$PC: 0x0000092C
$PC: 0x00000930
$PC: 0x00000934
$PC: 0x00000938
$PC: 0x0000093C
$PC: 0x00000940
$PC: 0x00000944
$PC: 0x00000948
$PC: 0x0000094C
$PC: 0x00000950
$PC: 0x00000954
$PC: 0x00000958
$PC: 0x0000095C
$PC: 0x00000960
$PC: 0x00000964
$PC: 0x00000968
$PC: 0x0000096C
$PC: 0x00000970
$PC: 0x00000974
$PC: 0x00000978
$PC: 0x0000097C
$PC: 0x00000980
$PC: 0x00000984
$PC: 0x00000988
$PC: 0x0000098C
$PC: 0x00000990
$PC: 0x00000994
$PC: 0x00000998
$PC: 0x0000099C
$PC: 0x000009A0
$PC: 0x000009A4
$PC: 0x000009A8
$PC: 0x000009AC
$PC: 0x000009B0
$PC: 0x000009B4
$PC: 0x000009B8
$PC: 0x000009BC
$PC: 0x000009C0
$PC: 0x000009C4
$PC: 0x000009C8
$PC: 0x000009CC
$PC: 0x000009D0
$PC: 0x000009D4
$PC: 0x000009D8
$PC: 0x000009DC
$PC: 0x000009E0
$PC: 0x000009E4
$PC: 0x000009E8
$PC: 0x000009EC
$PC: 0x000009F0
$PC: 0x000009F4
$PC: 0x000009F8
$PC: 0x000009FC
$PC: 0x00000A00
$PC: 0x00000A04
$PC: 0x00000A08
$PC: 0x00000A0C
$PC: 0x00000A10
$PC: 0x00000A14
$PC: 0x00000A18
$PC: 0x00000A1C
$PC: 0x00000A20
$PC: 0x00000A24
$PC: 0x00000A28
$PC: 0x00000A2C
$PC: 0x00000A30
$PC: 0x00000A34
$PC: 0x00000A38
$PC: 0x00000A3C
$PC: 0x00000A40
$PC: 0x00000A44
$PC: 0x00000A48
$PC: 0x00000A4C
$PC: 0x00000A50
$PC: 0x00000A54
$PC: 0x00000A58
$PC: 0x00000A5C
$PC: 0x00000A60
$PC: 0x00000A64
$PC: 0x00000A68
$PC: 0x00000A6C
$PC: 0x00000A70
$PC: 0x00000A74
$PC: 0x00000A78
$PC: 0x00000A7C
$PC: 0x00000A80
$PC: 0x00000A84
$PC: 0x00000A88
$PC: 0x00000A8C
$PC: 0x00000A90
$PC: 0x00000A94
$PC: 0x00000A98
$PC: 0x00000A9C
$PC: 0x00000AA0
$PC: 0x00000AA4
$PC: 0x00000AA8
$PC: 0x00000AAC
$PC: 0x00000AB0
$PC: 0x00000AB4
$PC: 0x00000AB8
$PC: 0x00000ABC
$PC: 0x00000AC0
$PC: 0x00000AC4
$PC: 0x00000AC8
$PC: 0x00000ACC
$PC: 0x00000AD0
$PC: 0x00000AD4
$PC: 0x00000AD8
$PC: 0x00000ADC
$PC: 0x00000AE0
$PC: 0x00000AE4
$PC: 0x00000AE8
$PC: 0x00000AEC
$PC: 0x00000AF0
$PC: 0x00000AF4
$PC: 0x00000AF8
$PC: 0x00000AFC
$PC: 0x00000B00
$PC: 0x00000B04
$PC: 0x00000B08
$PC: 0x00000B0C
$PC: 0x00000B10
$PC: 0x00000B14
$PC: 0x00000B18
$PC: 0x00000B1C
$PC: 0x00000B20
$PC: 0x00000B24
$PC: 0x00000B28
$PC: 0x00000B2C
$PC: 0x00000B30
$PC: 0x00000B34
$PC: 0x00000B38
$PC: 0x00000B3C
$PC: 0x00000B40
$PC: 0x00000B44
$PC: 0x00000B48
$PC: 0x00000B4C
$PC: 0x00000B50
$PC: 0x00000B54
$PC: 0x00000B58
$PC: 0x00000B5C
$PC: 0x00000B60
$PC: 0x00000B64
$PC: 0x00000B68
$PC: 0x00000B6C
$PC: 0x00000B70
$PC: 0x00000B74
$PC: 0x00000B78
$PC: 0x00000B7C
$PC: 0x00000B80
$PC: 0x00000B84
$PC: 0x00000B88
$PC: 0x00000B8C
$PC: 0x00000B90
$PC: 0x00000B94
$PC: 0x00000B98
$PC: 0x00000B9C
$PC: 0x00000BA0
$PC: 0x00000BA4
$PC: 0x00000BA8
$PC: 0x00000BAC
$PC: 0x00000BB0
$PC: 0x00000BB4
$PC: 0x00000BB8
$PC: 0x00000BBC
$PC: 0x00000BC0
$PC: 0x00000BC4
$PC: 0x00000BC8
$PC: 0x00000BCC
$PC: 0x00000BD0
$PC: 0x00000BD4
$PC: 0x00000BD8
$PC: 0x00000BDC
$PC: 0x00000BE0
$PC: 0x00000BE4
$PC: 0x00000BE8
$PC: 0x00000BEC
$PC: 0x00000BF0
$PC: 0x00000BF4
$PC: 0x00000BF8
$PC: 0x00000BFC
$PC: 0x00000C00
$PC: 0x00000C04
$PC: 0x00000C08
$PC: 0x00000C0C
$PC: 0x00000C10
$PC: 0x00000C14
$PC: 0x00000C18
$PC: 0x00000C1C
$PC: 0x00000C20
$PC: 0x00000C24
$PC: 0x00000C28
$PC: 0x00000C2C
$PC: 0x00000C30
$PC: 0x00000C34
$PC: 0x00000C38
$PC: 0x00000C3C
$PC: 0x00000C40
$PC: 0x00000C44
$PC: 0x00000C48
$PC: 0x00000C4C
$PC: 0x00000C50
$PC: 0x00000C54
$PC: 0x00000C58
$PC: 0x00000C5C
$PC: 0x00000C60
$PC: 0x00000C64
$PC: 0x00000C68
$PC: 0x00000C6C
$PC: 0x00000C70
$PC: 0x00000C74
$PC: 0x00000C78
$PC: 0x00000C7C
$PC: 0x00000C80
$PC: 0x00000C84
$PC: 0x00000C88
$PC: 0x00000C8C
$PC: 0x00000C90
$PC: 0x00000C94
$PC: 0x00000C98
$PC: 0x00000C9C
$PC: 0x00000CA0
$PC: 0x00000CA4
$PC: 0x00000CA8
$PC: 0x00000CAC
$PC: 0x00000CB0
$PC: 0x00000CB4
$PC: 0x00000CB8
$PC: 0x00000CBC
$PC: 0x00000CC0
$PC: 0x00000CC4
$PC: 0x00000CC8
$PC: 0x00000CCC
$PC: 0x00000CD0
$PC: 0x00000CD4
$PC: 0x00000CD8
$PC: 0x00000CDC
$PC: 0x00000CE0
$PC: 0x00000CE4
$PC: 0x00000CE8
$PC: 0x00000CEC
$PC: 0x00000CF0
$PC: 0x00000CF4
$PC: 0x00000CF8
$PC: 0x00000CFC
$PC: 0x00000D00
$PC: 0x00000D04
$PC: 0x00000D08
$PC: 0x00000D0C
$PC: 0x00000D10
$PC: 0x00000D14
$PC: 0x00000D18
$PC: 0x00000D1C
$PC: 0x00000D20
$PC: 0x00000D24
$PC: 0x00000D28
$PC: 0x00000D2C
$PC: 0x00000D30
$PC: 0x00000D34
$PC: 0x00000D38
$PC: 0x00000D3C
$PC: 0x00000D40
$PC: 0x00000D44
$PC: 0x00000D48
$PC: 0x00000D4C
$PC: 0x00000D50
$PC: 0x00000D54
$PC: 0x00000D58
$PC: 0x00000D5C
$PC: 0x00000D60
$PC: 0x00000D64
$PC: 0x00000D68
$PC: 0x00000D6C
$PC: 0x00000D70
$PC: 0x00000D74
$PC: 0x00000D78
$PC: 0x00000D7C
$PC: 0x00000D80
$PC: 0x00000D84
$PC: 0x00000D88
$PC: 0x00000D8C
$PC: 0x00000D90
$PC: 0x00000D94
$PC: 0x00000D98
$PC: 0x00000D9C
$PC: 0x00000DA0
$PC: 0x00000DA4
$PC: 0x00000DA8
$PC: 0x00000DAC
$PC: 0x00000DB0
$PC: 0x00000DB4
$PC: 0x00000DB8
$PC: 0x00000DBC
$PC: 0x00000DC0
$PC: 0x00000DC4
$PC: 0x00000DC8
$PC: 0x00000DCC
$PC: 0x00000DD0
$PC: 0x00000DD4
$PC: 0x00000DD8
$PC: 0x00000DDC
$PC: 0x00000DE0
$PC: 0x00000DE4
$PC: 0x00000DE8
$PC: 0x00000DEC
$PC: 0x00000DF0
$PC: 0x00000DF4
$PC: 0x00000DF8
$PC: 0x00000DFC
$PC: 0x00000E00
$PC: 0x00000E04
$PC: 0x00000E08
$PC: 0x00000E0C
$PC: 0x00000E10
$PC: 0x00000E14
$PC: 0x00000E18
$PC: 0x00000E1C
$PC: 0x00000E20
$PC: 0x00000E24
$PC: 0x00000E28
$PC: 0x00000E2C
$PC: 0x00000E30
$PC: 0x00000E34
$PC: 0x00000E38
$PC: 0x00000E3C
$PC: 0x00000E40
$PC: 0x00000E44
$PC: 0x00000E48
$PC: 0x00000E4C
$PC: 0x00000E50
$PC: 0x00000E54
$PC: 0x00000E58
$PC: 0x00000E5C
$PC: 0x00000E60
$PC: 0x00000E64
$PC: 0x00000E68
$PC: 0x00000E6C
$PC: 0x00000E70
$PC: 0x00000E74
$PC: 0x00000E78
$PC: 0x00000E7C
$PC: 0x00000E80
$PC: 0x00000E84
$PC: 0x00000E88
$PC: 0x00000E8C
$PC: 0x00000E90
$PC: 0x00000E94
$PC: 0x00000E98
$PC: 0x00000E9C
$PC: 0x00000EA0
$PC: 0x00000EA4
$PC: 0x00000EA8
$PC: 0x00000EAC
$PC: 0x00000EB0
$PC: 0x00000EB4
$PC: 0x00000EB8
$PC: 0x00000EBC
$PC: 0x00000EC0
$PC: 0x00000EC4
$PC: 0x00000EC8
$PC: 0x00000ECC
$PC: 0x00000ED0
$PC: 0x00000ED4
$PC: 0x00000ED8
$PC: 0x00000EDC
$PC: 0x00000EE0
$PC: 0x00000EE4
$PC: 0x00000EE8
$PC: 0x00000EEC
$PC: 0x00000EF0
$PC: 0x00000EF4
$PC: 0x00000EF8
$PC: 0x00000EFC
$PC: 0x00000F00
$PC: 0x00000F04
$PC: 0x00000F08
$PC: 0x00000F0C
$PC: 0x00000F10
$PC: 0x00000F14
$PC: 0x00000F18
$PC: 0x00000F1C
$PC: 0x00000F20
$PC: 0x00000F24
$PC: 0x00000F28
$PC: 0x00000F2C
$PC: 0x00000F30
$PC: 0x00000F34
$PC: 0x00000F38
$PC: 0x00000F3C
$PC: 0x00000F40
$PC: 0x00000F44
$PC: 0x00000F48
$PC: 0x00000F4C
$PC: 0x00000F50
$PC: 0x00000F54
$PC: 0x00000F58
$PC: 0x00000F5C
$PC: 0x00000F60
$PC: 0x00000F64
$PC: 0x00000F68
$PC: 0x00000F6C
$PC: 0x00000F70
$PC: 0x00000F74
$PC: 0x00000F78
$PC: 0x00000F7C
$PC: 0x00000F80
$PC: 0x00000F84
$PC: 0x00000F88
$PC: 0x00000F8C
$PC: 0x00000F90
$PC: 0x00000F94
$PC: 0x00000F98
$PC: 0x00000F9C
$PC: 0x00000FA0
$PC: 0x00000FA4
$PC: 0x00000FA8
$PC: 0x00000FAC
$PC: 0x00000FB0
$PC: 0x00000FB4
$PC: 0x00000FB8
$PC: 0x00000FBC
$PC: 0x00000FC0
$PC: 0x00000FC4
$PC: 0x00000FC8
$PC: 0x00000FCC
$PC: 0x00000FD0
$PC: 0x00000FD4
$PC: 0x00000FD8
$PC: 0x00000FDC
$PC: 0x00000FE0
$PC: 0x00000FE4
$PC: 0x00000FE8
$PC: 0x00000FEC
$PC: 0x00000FF0
$PC: 0x00000FF4
$PC: 0x00000FF8
$PC: 0x00000FFC
$PC: 0x00001000
$PC: 0x00001004
$PC: 0x00001008
$PC: 0x0000100C
$PC: 0x00001010
$PC: 0x00001014
$PC: 0x00001018
$PC: 0x0000101C
$PC: 0x00001020
$PC: 0x00001024
$PC: 0x00001028
$PC: 0x0000102C
$PC: 0x00001030
$PC: 0x00001034
$PC: 0x00001038
$PC: 0x0000103C
$PC: 0x00001040
$PC: 0x00001044
$PC: 0x00001048
$PC: 0x0000104C
$PC: 0x00001050
$PC: 0x00001054
$PC: 0x00001058
$PC: 0x0000105C
$PC: 0x00001060
$PC: 0x00001064
$PC: 0x00001068
$PC: 0x0000106C
$PC: 0x00001070
$PC: 0x00001074
$PC: 0x00001078
$PC: 0x0000107C
$PC: 0x00001080
$PC: 0x00001084
$PC: 0x00001088
$PC: 0x0000108C
$PC: 0x00001090
$PC: 0x00001094
$PC: 0x00001098
$PC: 0x0000109C
$PC: 0x000010A0
$PC: 0x000010A4
$PC: 0x000010A8
$PC: 0x000010AC
$PC: 0x000010B0
$PC: 0x000010B4
$PC: 0x000010B8
$PC: 0x000010BC
$PC: 0x000010C0
$PC: 0x000010C4
$PC: 0x000010C8
$PC: 0x000010CC
$PC: 0x000010D0
$PC: 0x000010D4
$PC: 0x000010D8
$PC: 0x000010DC
$PC: 0x000010E0
$PC: 0x000010E4
$PC: 0x000010E8
$PC: 0x000010EC
$PC: 0x000010F0
$PC: 0x000010F4
$PC: 0x000010F8
$PC: 0x000010FC
$PC: 0x00001100
$PC: 0x00001104
$PC: 0x00001108
$PC: 0x0000110C
$PC: 0x00001110
$PC: 0x00001114
$PC: 0x00001118
$PC: 0x0000111C
$PC: 0x00001120
$PC: 0x00001124
$PC: 0x00001128
$PC: 0x0000112C
$PC: 0x00001130
$PC: 0x00001134
$PC: 0x00001138
$PC: 0x0000113C
$PC: 0x00001140
$PC: 0x00001144
$PC: 0x00001148
$PC: 0x0000114C
$PC: 0x00001150
$PC: 0x00001154
$PC: 0x00001158
$PC: 0x0000115C
$PC: 0x00001160
$PC: 0x00001164
$PC: 0x00001168
$PC: 0x0000116C
$PC: 0x00001170
$PC: 0x00001174
$PC: 0x00001178
$PC: 0x0000117C
$PC: 0x00001180
$PC: 0x00001184
$PC: 0x00001188
$PC: 0x0000118C
$PC: 0x00001190
$PC: 0x00001194
$PC: 0x00001198
$PC: 0x0000119C
$PC: 0x000011A0
$PC: 0x000011A4
$PC: 0x000011A8
$PC: 0x000011AC
$PC: 0x000011B0
$PC: 0x000011B4
$PC: 0x000011B8
$PC: 0x000011BC
$PC: 0x000011C0
$PC: 0x000011C4
$PC: 0x000011C8
$PC: 0x000011CC
$PC: 0x000011D0
$PC: 0x000011D4
$PC: 0x000011D8
$PC: 0x000011DC
$PC: 0x000011E0
$PC: 0x000011E4
$PC: 0x000011E8
$PC: 0x000011EC
$PC: 0x000011F0
$PC: 0x000011F4
$PC: 0x000011F8
$PC: 0x000011FC
$PC: 0x00001200
$PC: 0x00001204
$PC: 0x00001208
$PC: 0x0000120C
$PC: 0x00001210
$PC: 0x00001214
$PC: 0x00001218
$PC: 0x0000121C
$PC: 0x00001220
$PC: 0x00001224
$PC: 0x00001228
$PC: 0x0000122C
$PC: 0x00001230
$PC: 0x00001234
$PC: 0x00001238
$PC: 0x0000123C
$PC: 0x00001240
$PC: 0x00001244
$PC: 0x00001248
$PC: 0x0000124C
$PC: 0x00001250
$PC: 0x00001254
$PC: 0x00001258
$PC: 0x0000125C
$PC: 0x00001260
$PC: 0x00001264
$PC: 0x00001268
$PC: 0x0000126C
$PC: 0x00001270
$PC: 0x00001274
$PC: 0x00001278
$PC: 0x0000127C
$PC: 0x00001280
$PC: 0x00001284
$PC: 0x00001288
$PC: 0x0000128C
$PC: 0x00001290
$PC: 0x00001294
$PC: 0x00001298
$PC: 0x0000129C
$PC: 0x000012A0
$PC: 0x000012A4
$PC: 0x000012A8
$PC: 0x000012AC
$PC: 0x000012B0
$PC: 0x000012B4
$PC: 0x000012B8
$PC: 0x000012BC
$PC: 0x000012C0
$PC: 0x000012C4
$PC: 0x000012C8
$PC: 0x000012CC
$PC: 0x000012D0
$PC: 0x000012D4
$PC: 0x000012D8
$PC: 0x000012DC
$PC: 0x000012E0
$PC: 0x000012E4
$PC: 0x000012E8
$PC: 0x000012EC
$PC: 0x000012F0
$PC: 0x000012F4
$PC: 0x000012F8
$PC: 0x000012FC
$PC: 0x00001300
$PC: 0x00001304
$PC: 0x00001308
$PC: 0x0000130C
$PC: 0x00001310
$PC: 0x00001314
$PC: 0x00001318
$PC: 0x0000131C
$PC: 0x00001320
$PC: 0x00001324
$PC: 0x00001328
$PC: 0x0000132C
$PC: 0x00001330
$PC: 0x00001334
$PC: 0x00001338
$PC: 0x0000133C
$PC: 0x00001340
$PC: 0x00001344
$PC: 0x00001348
$PC: 0x0000134C
$PC: 0x00001350
$PC: 0x00001354
$PC: 0x00001358
$PC: 0x0000135C
$PC: 0x00001360
$PC: 0x00001364
$PC: 0x00001368
$PC: 0x0000136C
$PC: 0x00001370
$PC: 0x00001374
$PC: 0x00001378
$PC: 0x0000137C
$PC: 0x00001380
$PC: 0x00001384
$PC: 0x00001388
$PC: 0x0000138C
$PC: 0x00001390
$PC: 0x00001394
$PC: 0x00001398
$PC: 0x0000139C
$PC: 0x000013A0
$PC: 0x000013A4
$PC: 0x000013A8
$PC: 0x000013AC
$PC: 0x000013B0
$PC: 0x000013B4
$PC: 0x000013B8
$PC: 0x000013BC
$PC: 0x000013C0
$PC: 0x000013C4
$PC: 0x000013C8
$PC: 0x000013CC
$PC: 0x000013D0
$PC: 0x000013D4
$PC: 0x000013D8
$PC: 0x000013DC
$PC: 0x000013E0
$PC: 0x000013E4
$PC: 0x000013E8
$PC: 0x000013EC
$PC: 0x000013F0
$PC: 0x000013F4
$PC: 0x000013F8
$PC: 0x000013FC
$PC: 0x00001400
$PC: 0x00001404
